<?xml version="1.0" encoding="UTF-8"?>
<testsuite xmlns:xsi="http://www.w3.org/2001/XMLSchema-instance" xsi:noNamespaceSchemaLocation="https://maven.apache.org/surefire/maven-surefire-plugin/xsd/surefire-test-report-3.0.xsd" version="3.0" name="TestSuite" time="29.934" tests="3" errors="0" skipped="0" failures="2">
  <properties>
[...]
</properties>
  <testcase name="runScenario[&quot;Search Experience for product search in both home and Offers page&quot;, &quot;Optional[Search and Place the order for Products]&quot;](1)" classname="runner.TestNgTestRunner" time="21.705">
    <failure message="did not expect to find [Brocolli] but found [null]" type="java.lang.AssertionError"><![CDATA[java.lang.AssertionError: did not expect to find [Brocolli] but found [null]
]]></failure>
    <system-out><![CDATA[null is extracted from Home page
null is extracted from Home page
null is extracted from Home page
null is extracted from homepage
null is extracted from homepage
]]></system-out>
    <system-err><![CDATA[1661329160601	geckodriver	INFO	Listening on 127.0.0.1:44710
1661329160607	geckodriver	INFO	Listening on 127.0.0.1:26065
1661329160612	geckodriver	INFO	Listening on 127.0.0.1:19156
1661329161477	mozrunner::runner	IN1FO6	6R1u3n2n9in16g1 4c7o8m	mamnozdr:u n"Cne:r\:\:Prrougnrnearm 	IFNiFlOe	sR\u\nMnoiznigl lcao mFmainrde:f o"x\C\:f\i\rPerfogorxa.me Fxiel"e s"\-\-Mmoazriilolnae tFtier"e "f-onxo\\-rfeirmeoftoex". e"x-per"o f"i--lmea"r i"oC:n\e\tUtsee"r s"\-\nGoU-RrUePmoRt~e1"\ \"-ApprpDoaftilae\"\ L"oC:c\\al\U\sTeemrps\\\\GrUuRsUtP_R~m1o\z\pArpopfDaitlae\A\wLqoOcAarl"\
\Temp\\rust_mozprofilerB0gSy"
1661329161484	mozrunner::runner	INFO	Running command: "C:\\Program Files\\Mozilla Firefox\\firefox.exe" "--marionette" "-no-remote" "-profile" "C:\\Users\\GURUPR~1\\AppData\\Local\\Temp\\rust_mozprofileu8623X"
1661329162433	Marionette	INFO	Marionette enabled
1661329162440	Marionette	INFO	Marionette enabled
1661329162450	Marionette	INFO	Listening on port 61365
1661329162462	Marionette	INFO	Listening on port 61366
1661329162493	Marionette	INFO	Marionette enabled
Read port: 61366
Re1a6d6 13p2or9t1:6 2650183	65M
arionette	INFO	Listening on port 61368
Read port: 61368
Read port: 61366
Read port: 61365
Read port: 61368
1661329164136	RemoteAgent	WARN	TLS certificate errors will be ignored for this session
1661329164211	RemoteAgent	WARN	TLS certificate errors will be ignored for this session
1661329164432	RemoteAgent	WARN	TLS certificate errors will be ignored for this session
console.warn: SearchSettings: "get: No settings file exists, new profile?" (new NotFoundError("Could not open the file at C:\\Users\\GURUPR~1\\AppData\\Local\\Temp\\rust_mozprofilerB0gSy\\search.json.mozlz4", (void 0)))
console.warn: SearchSettings: "get: No settings file exists, new profile?" (new NotFoundError("Could not open the file at C:\\Users\\GURUPR~1\\AppData\\Local\\Temp\\rust_mozprofileAwqOAr\\search.json.mozlz4", (void 0)))
console.warn: SearchSettings: "get: No settings file exists, new profile?" (new NotFoundError("Could not open the file at C:\\Users\\GURUPR~1\\AppData\\Local\\Temp\\rust_mozprofileu8623X\\search.json.mozlz4", (void 0)))
Aug 24, 2022 1:49:30 PM org.openqa.selenium.remote.ProtocolHandshake createSession
INFO: Detected dialect: W3C
Aug 24, 2022 1:49:30 PM org.openqa.selenium.remote.ProtocolHandshake createSession
INFO: Detected dialect: W3C
Aug 24, 2022 1:49:31 PM org.openqa.selenium.remote.ProtocolHandshake createSession
INFO: Detected dialect: W3C
1661329176694	Marionette	WARN	TimedPromise timed out after 500 ms: stacktrace:
TimedPromise/<@chrome://remote/content/marionette/sync.js:237:24
TimedPromise@chrome://remote/content/marionette/sync.js:222:10
interaction.flushEventLoop@chrome://remote/content/marionette/interaction.js:431:10
webdriverClickElement@chrome://remote/content/marionette/interaction.js:179:31
1661329178314	Marionette	INFO	Stopped listening on port 61368
1661329179031	Marionette	INFO	Stopped listening on port 61366
[Parent 22088, IPC I/O Parent] WARNING: file /builds/worker/checkouts/gecko/ipc/chromium/src/base/process_util_win.cc:167
]]></system-err>
  </testcase>
  <testcase name="runScenario[&quot;Search Experience for product search in both home and Offers page&quot;, &quot;Optional[Search and Place the order for Products]&quot;](2)" classname="runner.TestNgTestRunner" time="22.081">
    <failure message="did not expect to find [Brocolli] but found [null]" type="java.lang.AssertionError"><![CDATA[java.lang.AssertionError: did not expect to find [Brocolli] but found [null]
]]></failure>
  </testcase>
  <testcase name="runScenario[&quot;Search Experience for product search in both home and Offers page&quot;, &quot;Optional[Place the order for Products]&quot;](3)" classname="runner.TestNgTestRunner" time="26.818">
    <system-err><![CDATA[1661329184387	Marionette	INFO	Stopped listening on port 61365
]]></system-err>
  </testcase>
</testsuite>